<?xml version="1.0" encoding="UTF-8"?>
<testng-results skipped="0" failed="1" ignored="0" total="4" passed="3">
  <reporter-output>
  </reporter-output>
  <suite name="Default suite" duration-ms="16380" started-at="2020-11-28T16:54:52 UTC" finished-at="2020-11-28T16:55:08 UTC">
    <groups>
      <group name="Chrome">
        <method signature="ParallelTests.lauchChromeTest()[pri:0, instance:com.ecom.test.SeleniumTestNgTestApp.ParallelTests@7f13d6e]" name="lauchChromeTest" class="com.ecom.test.SeleniumTestNgTestApp.ParallelTests"/>
        <method signature="ParallelTests.verifyAmazonHomePage()[pri:0, instance:com.ecom.test.SeleniumTestNgTestApp.ParallelTests@7f13d6e]" name="verifyAmazonHomePage" class="com.ecom.test.SeleniumTestNgTestApp.ParallelTests"/>
      </group> <!-- Chrome -->
      <group name="FireFox">
        <method signature="ParallelTests.lauchFireFoxTest()[pri:0, instance:com.ecom.test.SeleniumTestNgTestApp.ParallelTests@7f13d6e]" name="lauchFireFoxTest" class="com.ecom.test.SeleniumTestNgTestApp.ParallelTests"/>
        <method signature="ParallelTests.verifyFaceBookHomePage()[pri:0, instance:com.ecom.test.SeleniumTestNgTestApp.ParallelTests@7f13d6e]" name="verifyFaceBookHomePage" class="com.ecom.test.SeleniumTestNgTestApp.ParallelTests"/>
      </group> <!-- FireFox -->
    </groups>
    <test name="Default test" duration-ms="16380" started-at="2020-11-28T16:54:52 UTC" finished-at="2020-11-28T16:55:08 UTC">
      <class name="com.ecom.test.SeleniumTestNgTestApp.ParallelTests">
        <test-method status="PASS" signature="lauchChromeTest()[pri:0, instance:com.ecom.test.SeleniumTestNgTestApp.ParallelTests@7f13d6e]" name="lauchChromeTest" duration-ms="12031" started-at="2020-11-28T16:54:52 UTC" finished-at="2020-11-28T16:55:04 UTC">
          <reporter-output>
          </reporter-output>
        </test-method> <!-- lauchChromeTest -->
        <test-method status="PASS" signature="lauchFireFoxTest()[pri:0, instance:com.ecom.test.SeleniumTestNgTestApp.ParallelTests@7f13d6e]" name="lauchFireFoxTest" duration-ms="3876" started-at="2020-11-28T16:55:04 UTC" finished-at="2020-11-28T16:55:08 UTC">
          <reporter-output>
          </reporter-output>
        </test-method> <!-- lauchFireFoxTest -->
        <test-method status="FAIL" signature="verifyAmazonHomePage()[pri:0, instance:com.ecom.test.SeleniumTestNgTestApp.ParallelTests@7f13d6e]" name="verifyAmazonHomePage" duration-ms="13" started-at="2020-11-28T16:55:08 UTC" depends-on-methods="com.ecom.test.SeleniumTestNgTestApp.ParallelTests.lauchChromeTest" finished-at="2020-11-28T16:55:08 UTC">
          <exception class="java.lang.AssertionError">
            <message>
              <![CDATA[expected [https://www.amazon.in/] but found [https://www.facebook.com/]]]>
            </message>
            <full-stacktrace>
              <![CDATA[java.lang.AssertionError: expected [https://www.amazon.in/] but found [https://www.facebook.com/]
at org.testng.Assert.fail(Assert.java:99)
at org.testng.Assert.failNotEquals(Assert.java:1037)
at org.testng.Assert.assertEqualsImpl(Assert.java:140)
at org.testng.Assert.assertEquals(Assert.java:122)
at org.testng.Assert.assertEquals(Assert.java:629)
at org.testng.Assert.assertEquals(Assert.java:639)
at com.ecom.test.SeleniumTestNgTestApp.ParallelTests.verifyAmazonHomePage(ParallelTests.java:34)
at sun.reflect.NativeMethodAccessorImpl.invoke0(Native Method)
at sun.reflect.NativeMethodAccessorImpl.invoke(NativeMethodAccessorImpl.java:62)
at sun.reflect.DelegatingMethodAccessorImpl.invoke(DelegatingMethodAccessorImpl.java:43)
at java.lang.reflect.Method.invoke(Method.java:498)
at org.testng.internal.MethodInvocationHelper.invokeMethod(MethodInvocationHelper.java:132)
at org.testng.internal.TestInvoker.invokeMethod(TestInvoker.java:599)
at org.testng.internal.TestInvoker.invokeTestMethod(TestInvoker.java:174)
at org.testng.internal.MethodRunner.runInSequence(MethodRunner.java:46)
at org.testng.internal.TestInvoker$MethodInvocationAgent.invoke(TestInvoker.java:822)
at org.testng.internal.TestInvoker.invokeTestMethods(TestInvoker.java:147)
at org.testng.internal.TestMethodWorker.invokeTestMethods(TestMethodWorker.java:146)
at org.testng.internal.TestMethodWorker.run(TestMethodWorker.java:128)
at java.util.ArrayList.forEach(ArrayList.java:1259)
at org.testng.TestRunner.privateRun(TestRunner.java:764)
at org.testng.TestRunner.run(TestRunner.java:585)
at org.testng.SuiteRunner.runTest(SuiteRunner.java:384)
at org.testng.SuiteRunner.runSequentially(SuiteRunner.java:378)
at org.testng.SuiteRunner.privateRun(SuiteRunner.java:337)
at org.testng.SuiteRunner.run(SuiteRunner.java:286)
at org.testng.SuiteRunnerWorker.runSuite(SuiteRunnerWorker.java:53)
at org.testng.SuiteRunnerWorker.run(SuiteRunnerWorker.java:96)
at org.testng.TestNG.runSuitesSequentially(TestNG.java:1218)
at org.testng.TestNG.runSuitesLocally(TestNG.java:1140)
at org.testng.TestNG.runSuites(TestNG.java:1069)
at org.testng.TestNG.run(TestNG.java:1037)
at org.testng.remote.AbstractRemoteTestNG.run(AbstractRemoteTestNG.java:115)
at org.testng.remote.RemoteTestNG.initAndRun(RemoteTestNG.java:251)
at org.testng.remote.RemoteTestNG.main(RemoteTestNG.java:77)
]]>
            </full-stacktrace>
          </exception> <!-- java.lang.AssertionError -->
          <reporter-output>
          </reporter-output>
        </test-method> <!-- verifyAmazonHomePage -->
        <test-method status="PASS" signature="verifyFaceBookHomePage()[pri:0, instance:com.ecom.test.SeleniumTestNgTestApp.ParallelTests@7f13d6e]" name="verifyFaceBookHomePage" duration-ms="387" started-at="2020-11-28T16:55:08 UTC" depends-on-methods="com.ecom.test.SeleniumTestNgTestApp.ParallelTests.lauchFireFoxTest" finished-at="2020-11-28T16:55:08 UTC">
          <reporter-output>
          </reporter-output>
        </test-method> <!-- verifyFaceBookHomePage -->
      </class> <!-- com.ecom.test.SeleniumTestNgTestApp.ParallelTests -->
    </test> <!-- Default test -->
  </suite> <!-- Default suite -->
</testng-results>
